[debug] [2018-12-19T11:37:36.064Z] ----------------------------------------------------------------------
[debug] [2018-12-19T11:37:36.067Z] Command:       /usr/local/Cellar/node/11.5.0/bin/node /usr/local/bin/firebase init
[debug] [2018-12-19T11:37:36.068Z] CLI Version:   6.1.2
[debug] [2018-12-19T11:37:36.068Z] Platform:      darwin
[debug] [2018-12-19T11:37:36.068Z] Node Version:  v11.5.0
[debug] [2018-12-19T11:37:36.069Z] Time:          Wed Dec 19 2018 18:37:36 GMT+0700 (Indochina Time)
[debug] [2018-12-19T11:37:36.069Z] ----------------------------------------------------------------------
[debug] 
[debug] [2018-12-19T11:37:36.087Z] > command requires scopes: ["email","openid","https://www.googleapis.com/auth/cloudplatformprojects.readonly","https://www.googleapis.com/auth/firebase","https://www.googleapis.com/auth/cloud-platform"]
[debug] [2018-12-19T11:37:36.087Z] > authorizing via signed-in user
[info] 
     ######## #### ########  ######## ########     ###     ######  ########
     ##        ##  ##     ## ##       ##     ##  ##   ##  ##       ##
     ######    ##  ########  ######   ########  #########  ######  ######
     ##        ##  ##    ##  ##       ##     ## ##     ##       ## ##
     ##       #### ##     ## ######## ########  ##     ##  ######  ########

You're about to initialize a Firebase project in this directory:

  /Users/phamnhuvu/go/src/DartSharingClientCode/app/angular_app

Before we get started, keep in mind:

  * You are initializing in an existing Firebase project directory

